{"level":"info","message":"User registered: 66a82cb9ae582e12b03a563b"}
{"level":"info","message":"User registered: 66a82db6ae582e12b03a563e"}
{"level":"info","message":"User registered: 66a82ee3ae582e12b03a5641"}
{"level":"info","message":"User logged in: 66a82cb9ae582e12b03a563b"}
{"level":"info","message":"User logged in: 66a82db6ae582e12b03a563e"}
{"level":"info","message":"User registered: 66aa9ac14e251500f0518ef3"}
{"level":"info","message":"User logged in: 66aa9ac14e251500f0518ef3"}
{"level":"info","message":"User registered: 66ab4ce2e5a94b3124ef5401"}
{"level":"info","message":"User registered: 66ab4e37e5a94b3124ef5404"}
{"level":"info","message":"User logged in: 66ab4ce2e5a94b3124ef5401"}
{"level":"info","message":"User logged in: 66ab4ce2e5a94b3124ef5401"}
{"level":"info","message":"User registered: 66afd932332266098c3e1167"}
{"level":"info","message":"User logged in: 66ab4ce2e5a94b3124ef5401"}
{"level":"info","message":"User logged in: 66aa9ac14e251500f0518ef3"}
{"level":"info","message":"User logged in: 66ab4ce2e5a94b3124ef5401","timestamp":"2024-08-08T08:48:45.084Z"}
{"level":"error","message":"This is a test error","timestamp":"2024-08-09T01:33:14.008Z"}
{"date":"Fri Aug 09 2024 02:33:14 GMT+0100 (West Africa Standard Time)","error":{},"exception":true,"level":"error","message":"uncaughtException: Intentional error for testing\nError: Intentional error for testing\n    at Object.<anonymous> (C:\\Users\\Dell\\Desktop\\future-friends\\future-friends\\logger.js:52:7)\n    at Module._compile (node:internal/modules/cjs/loader:1358:14)\n    at Module._extensions..js (node:internal/modules/cjs/loader:1416:10)\n    at Module.load (node:internal/modules/cjs/loader:1208:32)\n    at Module._load (node:internal/modules/cjs/loader:1024:12)\n    at Module.require (node:internal/modules/cjs/loader:1233:19)\n    at require (node:internal/modules/helpers:179:18)\n    at Object.<anonymous> (C:\\Users\\Dell\\Desktop\\future-friends\\future-friends\\routes\\users.js:8:16)\n    at Module._compile (node:internal/modules/cjs/loader:1358:14)\n    at Module._extensions..js (node:internal/modules/cjs/loader:1416:10)\n    at Module.load (node:internal/modules/cjs/loader:1208:32)\n    at Module._load (node:internal/modules/cjs/loader:1024:12)\n    at Module.require (node:internal/modules/cjs/loader:1233:19)\n    at require (node:internal/modules/helpers:179:18)\n    at Object.<anonymous> (C:\\Users\\Dell\\Desktop\\future-friends\\future-friends\\server.js:6:20)\n    at Module._compile (node:internal/modules/cjs/loader:1358:14)","os":{"loadavg":[0,0,0],"uptime":353569.046},"process":{"argv":["C:\\Program Files\\nodejs\\node.exe","C:\\Users\\Dell\\Desktop\\future-friends\\future-friends\\server.js"],"cwd":"C:\\Users\\Dell\\Desktop\\future-friends\\future-friends","execPath":"C:\\Program Files\\nodejs\\node.exe","gid":null,"memoryUsage":{"arrayBuffers":18311322,"external":20871786,"heapTotal":28626944,"heapUsed":23743048,"rss":55910400},"pid":12608,"uid":null,"version":"v20.13.1"},"stack":"Error: Intentional error for testing\n    at Object.<anonymous> (C:\\Users\\Dell\\Desktop\\future-friends\\future-friends\\logger.js:52:7)\n    at Module._compile (node:internal/modules/cjs/loader:1358:14)\n    at Module._extensions..js (node:internal/modules/cjs/loader:1416:10)\n    at Module.load (node:internal/modules/cjs/loader:1208:32)\n    at Module._load (node:internal/modules/cjs/loader:1024:12)\n    at Module.require (node:internal/modules/cjs/loader:1233:19)\n    at require (node:internal/modules/helpers:179:18)\n    at Object.<anonymous> (C:\\Users\\Dell\\Desktop\\future-friends\\future-friends\\routes\\users.js:8:16)\n    at Module._compile (node:internal/modules/cjs/loader:1358:14)\n    at Module._extensions..js (node:internal/modules/cjs/loader:1416:10)\n    at Module.load (node:internal/modules/cjs/loader:1208:32)\n    at Module._load (node:internal/modules/cjs/loader:1024:12)\n    at Module.require (node:internal/modules/cjs/loader:1233:19)\n    at require (node:internal/modules/helpers:179:18)\n    at Object.<anonymous> (C:\\Users\\Dell\\Desktop\\future-friends\\future-friends\\server.js:6:20)\n    at Module._compile (node:internal/modules/cjs/loader:1358:14)","timestamp":"2024-08-09T01:33:14.158Z","trace":[{"column":7,"file":"C:\\Users\\Dell\\Desktop\\future-friends\\future-friends\\logger.js","function":null,"line":52,"method":null,"native":false},{"column":14,"file":"node:internal/modules/cjs/loader","function":"Module._compile","line":1358,"method":"_compile","native":false},{"column":10,"file":"node:internal/modules/cjs/loader","function":"Module._extensions..js","line":1416,"method":".js","native":false},{"column":32,"file":"node:internal/modules/cjs/loader","function":"Module.load","line":1208,"method":"load","native":false},{"column":12,"file":"node:internal/modules/cjs/loader","function":"Module._load","line":1024,"method":"_load","native":false},{"column":19,"file":"node:internal/modules/cjs/loader","function":"Module.require","line":1233,"method":"require","native":false},{"column":18,"file":"node:internal/modules/helpers","function":"require","line":179,"method":null,"native":false},{"column":16,"file":"C:\\Users\\Dell\\Desktop\\future-friends\\future-friends\\routes\\users.js","function":null,"line":8,"method":null,"native":false},{"column":14,"file":"node:internal/modules/cjs/loader","function":"Module._compile","line":1358,"method":"_compile","native":false},{"column":10,"file":"node:internal/modules/cjs/loader","function":"Module._extensions..js","line":1416,"method":".js","native":false},{"column":32,"file":"node:internal/modules/cjs/loader","function":"Module.load","line":1208,"method":"load","native":false},{"column":12,"file":"node:internal/modules/cjs/loader","function":"Module._load","line":1024,"method":"_load","native":false},{"column":19,"file":"node:internal/modules/cjs/loader","function":"Module.require","line":1233,"method":"require","native":false},{"column":18,"file":"node:internal/modules/helpers","function":"require","line":179,"method":null,"native":false},{"column":20,"file":"C:\\Users\\Dell\\Desktop\\future-friends\\future-friends\\server.js","function":null,"line":6,"method":null,"native":false},{"column":14,"file":"node:internal/modules/cjs/loader","function":"Module._compile","line":1358,"method":"_compile","native":false}]}
{"level":"error","message":"Uncaught Exception: Intentional error for testing","stack":"Error: Intentional error for testing\n    at Object.<anonymous> (C:\\Users\\Dell\\Desktop\\future-friends\\future-friends\\logger.js:52:7)\n    at Module._compile (node:internal/modules/cjs/loader:1358:14)\n    at Module._extensions..js (node:internal/modules/cjs/loader:1416:10)\n    at Module.load (node:internal/modules/cjs/loader:1208:32)\n    at Module._load (node:internal/modules/cjs/loader:1024:12)\n    at Module.require (node:internal/modules/cjs/loader:1233:19)\n    at require (node:internal/modules/helpers:179:18)\n    at Object.<anonymous> (C:\\Users\\Dell\\Desktop\\future-friends\\future-friends\\routes\\users.js:8:16)\n    at Module._compile (node:internal/modules/cjs/loader:1358:14)\n    at Module._extensions..js (node:internal/modules/cjs/loader:1416:10)\n    at Module.load (node:internal/modules/cjs/loader:1208:32)\n    at Module._load (node:internal/modules/cjs/loader:1024:12)\n    at Module.require (node:internal/modules/cjs/loader:1233:19)\n    at require (node:internal/modules/helpers:179:18)\n    at Object.<anonymous> (C:\\Users\\Dell\\Desktop\\future-friends\\future-friends\\server.js:6:20)\n    at Module._compile (node:internal/modules/cjs/loader:1358:14)","timestamp":"2024-08-09T01:33:14.203Z"}
{"level":"info","message":"User logged in: 66ab4ce2e5a94b3124ef5401","timestamp":"2024-08-09T20:17:01.204Z"}
{"level":"info","message":"User logged in: 66ab4ce2e5a94b3124ef5401","timestamp":"2024-08-10T11:11:12.700Z"}
{"level":"info","message":"User logged in: 66ab4ce2e5a94b3124ef5401","timestamp":"2024-08-10T11:59:21.126Z"}
{"level":"info","message":"User logged in: 66ab4ce2e5a94b3124ef5401","timestamp":"2024-08-10T19:53:46.943Z"}
{"level":"info","message":"User logged in: 66aa9ac14e251500f0518ef3","timestamp":"2024-08-10T19:57:10.543Z"}
{"level":"info","message":"User logged in: 66ab4e37e5a94b3124ef5404","timestamp":"2024-08-10T20:04:24.424Z"}
{"level":"info","message":"User logged in: 66ab4e37e5a94b3124ef5404","timestamp":"2024-08-10T20:56:38.674Z"}
{"level":"info","message":"User logged in: 66ab4ce2e5a94b3124ef5401","timestamp":"2024-08-10T21:01:29.367Z"}
{"level":"info","message":"User logged in: 66ab4ce2e5a94b3124ef5401","timestamp":"2024-08-12T11:56:31.190Z"}
{"level":"info","message":"User logged in: 66aa9ac14e251500f0518ef3","timestamp":"2024-08-12T12:41:38.420Z"}
{"level":"info","message":"User registered: 66bb3f5c0297e414e4fc617b","timestamp":"2024-08-13T11:11:26.693Z"}
{"level":"info","message":"User logged in: 66bb3f5c0297e414e4fc617b","timestamp":"2024-08-13T11:15:43.946Z"}
{"level":"info","message":"User logged in: 66bb3f5c0297e414e4fc617b","timestamp":"2024-08-13T11:20:56.202Z"}
{"level":"info","message":"User registered: 66bb42610297e414e4fc6184","timestamp":"2024-08-13T11:24:18.056Z"}
{"level":"info","message":"User logged in: 66bb42610297e414e4fc6184","timestamp":"2024-08-13T11:26:29.441Z"}
{"level":"info","message":"User logged in: 66bb3f5c0297e414e4fc617b","timestamp":"2024-08-13T12:00:14.174Z"}
{"level":"info","message":"User logged in: 66bb3f5c0297e414e4fc617b","timestamp":"2024-08-13T12:08:11.754Z"}
{"level":"info","message":"User logged in: 66bb3f5c0297e414e4fc617b","timestamp":"2024-08-13T13:25:23.721Z"}
{"level":"info","message":"User logged in: 66bb3f5c0297e414e4fc617b","timestamp":"2024-08-13T14:03:22.551Z"}
{"level":"info","message":"User logged in: 66bb42610297e414e4fc6184","timestamp":"2024-08-13T14:04:16.229Z"}
{"level":"info","message":"User logged in: 66bb3f5c0297e414e4fc617b","timestamp":"2024-08-13T20:32:34.246Z"}
{"level":"info","message":"User logged in: 66bb3f5c0297e414e4fc617b","timestamp":"2024-08-13T20:34:21.675Z"}
{"level":"info","message":"User logged in: 66bb3f5c0297e414e4fc617b","timestamp":"2024-08-14T20:33:19.943Z"}
{"level":"info","message":"User logged in: 66bb42610297e414e4fc6184","timestamp":"2024-08-14T20:39:11.328Z"}
{"level":"info","message":"User logged in: 66bb3f5c0297e414e4fc617b","timestamp":"2024-08-14T21:09:10.917Z"}
{"level":"info","message":"User logged in: 66bb42610297e414e4fc6184","timestamp":"2024-08-14T22:14:36.008Z"}
{"level":"info","message":"User registered: 66be03758197ff35789d8900","timestamp":"2024-08-15T13:32:40.143Z"}
{"level":"info","message":"User logged in: 66bb3f5c0297e414e4fc617b","timestamp":"2024-08-15T13:37:27.774Z"}
{"level":"info","message":"User logged in: 66bb42610297e414e4fc6184","timestamp":"2024-08-15T13:38:12.271Z"}
{"level":"info","message":"User registered: 66be09a78197ff35789d890a","timestamp":"2024-08-15T13:59:04.907Z"}
{"level":"info","message":"User logged in: 66be09a78197ff35789d890a","timestamp":"2024-08-15T14:03:51.892Z"}
{"level":"info","message":"User logged in: 66bb42610297e414e4fc6184","timestamp":"2024-08-15T14:05:30.985Z"}
{"level":"info","message":"User logged in: 66bb3f5c0297e414e4fc617b","timestamp":"2024-08-15T14:08:38.199Z"}
{"level":"info","message":"User logged in: 66bb3f5c0297e414e4fc617b","timestamp":"2024-08-15T22:09:26.392Z"}
{"level":"info","message":"User logged in: 66bb42610297e414e4fc6184","timestamp":"2024-08-15T23:14:47.908Z"}
{"level":"info","message":"User logged in: 66bb42610297e414e4fc6184","timestamp":"2024-08-16T00:21:46.122Z"}
{"level":"info","message":"User logged in: 66bb3f5c0297e414e4fc617b","timestamp":"2024-08-16T21:49:39.841Z"}
{"level":"info","message":"User logged in: 66bb42610297e414e4fc6184","timestamp":"2024-08-16T22:54:05.017Z"}
{"level":"info","message":"User logged in: 66bb3f5c0297e414e4fc617b","timestamp":"2024-08-17T10:22:06.452Z"}
{"level":"info","message":"User logged in: 66bb3f5c0297e414e4fc617b","timestamp":"2024-08-17T12:41:13.235Z"}
{"level":"error","message":"Error fetching user profile: Cast to ObjectId failed for value \"undefined\" (type string) at path \"_id\" for model \"User\"","timestamp":"2024-08-17T12:41:35.938Z"}
{"level":"error","message":"Error fetching user profile: Cast to ObjectId failed for value \"undefined\" (type string) at path \"_id\" for model \"User\"","timestamp":"2024-08-17T12:41:35.988Z"}
{"level":"info","message":"User logged in: 66bb3f5c0297e414e4fc617b","timestamp":"2024-08-18T12:13:24.870Z"}
{"level":"error","message":"Error fetching user profile: Cast to ObjectId failed for value \"undefined\" (type string) at path \"_id\" for model \"User\"","timestamp":"2024-08-18T12:14:12.347Z"}
{"level":"error","message":"Error fetching user profile: Cast to ObjectId failed for value \"undefined\" (type string) at path \"_id\" for model \"User\"","timestamp":"2024-08-18T12:14:12.425Z"}
{"level":"error","message":"Error fetching user profile: Cast to ObjectId failed for value \"undefined\" (type string) at path \"_id\" for model \"User\"","timestamp":"2024-08-18T12:48:00.290Z"}
{"level":"error","message":"Error fetching user profile: Cast to ObjectId failed for value \"undefined\" (type string) at path \"_id\" for model \"User\"","timestamp":"2024-08-18T12:49:31.245Z"}
{"level":"error","message":"Error fetching user profile: Cast to ObjectId failed for value \"undefined\" (type string) at path \"_id\" for model \"User\"","timestamp":"2024-08-18T12:49:31.424Z"}
{"level":"info","message":"User logged in: 66bb3f5c0297e414e4fc617b","timestamp":"2024-08-18T20:40:07.162Z"}
{"level":"info","message":"User logged in: 66bb3f5c0297e414e4fc617b","timestamp":"2024-08-18T21:50:54.293Z"}
{"level":"info","message":"User logged in: 66bb42610297e414e4fc6184","timestamp":"2024-08-18T21:54:24.302Z"}
{"level":"info","message":"User logged in: 66bb3f5c0297e414e4fc617b","timestamp":"2024-08-19T20:21:22.206Z"}
{"level":"info","message":"User logged in: 66bb3f5c0297e414e4fc617b","timestamp":"2024-08-20T09:42:01.824Z"}
{"level":"info","message":"User logged in: 66bb3f5c0297e414e4fc617b","timestamp":"2024-08-20T10:29:31.566Z"}
{"level":"info","message":"User logged in: 66bb3f5c0297e414e4fc617b","timestamp":"2024-08-20T12:35:13.132Z"}
{"level":"info","message":"User logged in: 66bb3f5c0297e414e4fc617b","timestamp":"2024-08-20T20:07:17.436Z"}
{"level":"info","message":"User logged in: 66bb42610297e414e4fc6184","timestamp":"2024-08-20T21:12:34.934Z"}
{"level":"info","message":"User logged in: 66bb3f5c0297e414e4fc617b","timestamp":"2024-08-20T22:01:21.728Z"}
{"level":"info","message":"User logged in: 66bb42610297e414e4fc6184","timestamp":"2024-08-20T22:57:41.778Z"}
